Using pre-set license
Built from '2020.3/china_unity/release' branch; Version is '2020.3.7f1c1 (98d1c84f5ffb) revision 10015176'; Using compiler version '192528614'; Build Type 'Release'
OS: 'Windows 10 Home China; OS build 18363.1379; Version 1909; 64bit' Language: 'zh' Physical Memory: 8067 MB
BatchMode: 1, IsHumanControllingUs: 0, StartBugReporterOnCrash: 0, Is64bit: 1, IsPro: 0

 COMMAND LINE ARGUMENTS:
I:\unity\2020.3.7f1c1\Editor\Unity.exe
-adb2
-batchMode
-noUpm
-name
AssetImportWorker0
-projectPath
D:/forkdata/GenCard
-logFile
Logs/AssetImportWorker0.log
-srvPort
12846
Successfully changed project path to: D:/forkdata/GenCard
D:/forkdata/GenCard
Using Asset Import Pipeline V2.
Refreshing native plugins compatible for Editor in 41.40 ms, found 1 plugins.
Preloading 0 native plugins for Editor in 0.00 ms.
Initialize engine version: 2020.3.7f1c1 (98d1c84f5ffb)
[Subsystems] Discovering subsystems at path I:/unity/2020.3.7f1c1/Editor/Data/Resources/UnitySubsystems
[Subsystems] Discovering subsystems at path D:/forkdata/GenCard/Assets
GfxDevice: creating device client; threaded=0
Direct3D:
    Version:  Direct3D 11.0 [level 11.1]
    Renderer: NVIDIA GeForce GTX 1060 with Max-Q Design (ID=0x1c20)
    Vendor:   
    VRAM:     6052 MB
    Driver:   27.21.14.6589
Initialize mono
Mono path[0] = 'I:/unity/2020.3.7f1c1/Editor/Data/Managed'
Mono path[1] = 'I:/unity/2020.3.7f1c1/Editor/Data/MonoBleedingEdge/lib/mono/unityjit'
Mono config path = 'I:/unity/2020.3.7f1c1/Editor/Data/MonoBleedingEdge/etc'
Using monoOptions --debugger-agent=transport=dt_socket,embedding=1,server=y,suspend=n,address=127.0.0.1:56124
Begin MonoManager ReloadAssembly
Registering precompiled unity dll's ...
Register platform support module: I:/unity/2020.3.7f1c1/Editor/Data/PlaybackEngines/WindowsStandaloneSupport/UnityEditor.WindowsStandalone.Extensions.dll
Registered in 0.001155 seconds.
Native extension for WindowsStandalone target not found
Refreshing native plugins compatible for Editor in 41.37 ms, found 1 plugins.
Preloading 0 native plugins for Editor in 0.00 ms.
Mono: successfully reloaded assembly
- Completed reload, in  1.184 seconds
Platform modules already initialized, skipping
Registering precompiled user dll's ...
Registered in 0.000991 seconds.
Begin MonoManager ReloadAssembly
Native extension for WindowsStandalone target not found
Refreshing native plugins compatible for Editor in 40.92 ms, found 1 plugins.
Preloading 0 native plugins for Editor in 0.00 ms.
Mono: successfully reloaded assembly
- Completed reload, in  1.045 seconds
Platform modules already initialized, skipping
========================================================================
Worker process is ready to serve import requests
Launched and connected shader compiler UnityShaderCompiler.exe after 0.07 seconds
Refreshing native plugins compatible for Editor in 0.41 ms, found 1 plugins.
Preloading 0 native plugins for Editor in 0.00 ms.
Unloading 1808 Unused Serialized files (Serialized files now loaded: 0)
System memory in use before: 89.7 MB.
System memory in use after: 89.7 MB.

Unloading 19 unused Assets to reduce memory usage. Loaded Objects now: 2255.
Total: 3.396400 ms (FindLiveObjects: 0.224400 ms CreateObjectMapping: 0.067200 ms MarkObjects: 3.016500 ms  DeleteObjects: 0.087000 ms)

========================================================================
Received Import Request.
  path: Assets/Scene1.unity
  artifactKey: Guid(f22566a377a033c4fbd322ac0ddaa464) Importer(815301076,1909f56bfc062723c751e8b465ee728b)
Start importing Assets/Scene1.unity using Guid(f22566a377a033c4fbd322ac0ddaa464) Importer(815301076,1909f56bfc062723c751e8b465ee728b)  -> (artifact id: '0fd2c9e75cd8ce4822e7bd93cedc293a') in 0.010586 seconds
  Import took 0.014366 seconds .

========================================================================
Received Import Request.
  Time since last request: 0.000286 seconds.
  path: Assets/1.unity
  artifactKey: Guid(15e03511d1e72784e9cbf4023ade52aa) Importer(815301076,1909f56bfc062723c751e8b465ee728b)
Start importing Assets/1.unity using Guid(15e03511d1e72784e9cbf4023ade52aa) Importer(815301076,1909f56bfc062723c751e8b465ee728b)  -> (artifact id: '84b223008359bd43d1e741d9459cd5cf') in 0.002259 seconds
  Import took 0.006004 seconds .

========================================================================
Received Import Request.
  Time since last request: 14.513149 seconds.
  path: Assets
  artifactKey: Guid(00000000000000001000000000000000) Importer(815301076,1909f56bfc062723c751e8b465ee728b)
Start importing Assets using Guid(00000000000000001000000000000000) Importer(815301076,1909f56bfc062723c751e8b465ee728b)  -> (artifact id: 'cef95af390dfc2cd56619ad1fa70b124') in 0.003123 seconds
  Import took 0.009669 seconds .

========================================================================
Received Import Request.
  Time since last request: 6.293429 seconds.
  path: Assets/Scenes
  artifactKey: Guid(bb17006974922f34790c27b776f77440) Importer(815301076,1909f56bfc062723c751e8b465ee728b)
Start importing Assets/Scenes using Guid(bb17006974922f34790c27b776f77440) Importer(815301076,1909f56bfc062723c751e8b465ee728b)  -> (artifact id: '055b51d212800ca79d6b46a6192b2986') in 0.003106 seconds
  Import took 0.007684 seconds .

========================================================================
Received Import Request.
  Time since last request: 1.139797 seconds.
  path: Assets/Scenes/SampleScene.unity
  artifactKey: Guid(2cda990e2423bbf4892e6590ba056729) Importer(815301076,1909f56bfc062723c751e8b465ee728b)
Start importing Assets/Scenes/SampleScene.unity using Guid(2cda990e2423bbf4892e6590ba056729) Importer(815301076,1909f56bfc062723c751e8b465ee728b)  -> (artifact id: 'd007b91ff276cae9701e410617a95b96') in 0.002880 seconds
  Import took 0.008325 seconds .

========================================================================
Received Import Request.
  Time since last request: 3.278126 seconds.
  path: Assets/Scenes/Scene1.unity
  artifactKey: Guid(f22566a377a033c4fbd322ac0ddaa464) Importer(815301076,1909f56bfc062723c751e8b465ee728b)
Start importing Assets/Scenes/Scene1.unity using Guid(f22566a377a033c4fbd322ac0ddaa464) Importer(815301076,1909f56bfc062723c751e8b465ee728b)  -> (artifact id: 'b2c86c67872e9a37f3c4615674adbe5f') in 0.002992 seconds
  Import took 0.006961 seconds .

========================================================================
Received Import Request.
  Time since last request: 343.758453 seconds.
  path: Assets/Scenes/Inventory.prefab
  artifactKey: Guid(9c8419bd12c131c47b03b223955cf7ce) Importer(815301076,1909f56bfc062723c751e8b465ee728b)
Start importing Assets/Scenes/Inventory.prefab using Guid(9c8419bd12c131c47b03b223955cf7ce) Importer(815301076,1909f56bfc062723c751e8b465ee728b)  -> (artifact id: 'ed145cc288ad42f015e9487717e1a4ed') in 0.050277 seconds
  Import took 0.054698 seconds .

========================================================================
Received Import Request.
  Time since last request: 7.940050 seconds.
  path: Assets/Prefabs
  artifactKey: Guid(e57c9c61c862c1245944d15755a6ff3b) Importer(815301076,1909f56bfc062723c751e8b465ee728b)
Start importing Assets/Prefabs using Guid(e57c9c61c862c1245944d15755a6ff3b) Importer(815301076,1909f56bfc062723c751e8b465ee728b)  -> (artifact id: 'a0d42f97ae8e475af7f7faa8254a5344') in 0.002868 seconds
  Import took 0.006617 seconds .

========================================================================
Received Import Request.
  Time since last request: 4.561205 seconds.
  path: Assets/Prefabs/Inventory.prefab
  artifactKey: Guid(9c8419bd12c131c47b03b223955cf7ce) Importer(815301076,1909f56bfc062723c751e8b465ee728b)
Start importing Assets/Prefabs/Inventory.prefab using Guid(9c8419bd12c131c47b03b223955cf7ce) Importer(815301076,1909f56bfc062723c751e8b465ee728b)  -> (artifact id: '06a9ae656789ef0864b1ce5aa62fcbcf') in 0.003321 seconds
  Import took 0.007184 seconds .

========================================================================
Received Import Request.
  Time since last request: 57.404749 seconds.
  path: Assets/Script
  artifactKey: Guid(c13deb848e6022f42afd2345e222a773) Importer(815301076,1909f56bfc062723c751e8b465ee728b)
Start importing Assets/Script using Guid(c13deb848e6022f42afd2345e222a773) Importer(815301076,1909f56bfc062723c751e8b465ee728b)  -> (artifact id: '901c34c46c63f3ae6922338563dfdc01') in 0.003201 seconds
  Import took 0.007842 seconds .

========================================================================
Received Import Request.
  Time since last request: 2.607833 seconds.
  path: Assets/Prefabs/Inventory.cs
  artifactKey: Guid(062efa8b70b49154a82ff2da90cd2856) Importer(815301076,1909f56bfc062723c751e8b465ee728b)
Start importing Assets/Prefabs/Inventory.cs using Guid(062efa8b70b49154a82ff2da90cd2856) Importer(815301076,1909f56bfc062723c751e8b465ee728b)  -> (artifact id: 'cb24c8f3c45d6076354b53b9b29b25ae') in 0.010092 seconds
  Import took 0.015558 seconds .

========================================================================
Received Prepare
Registering precompiled user dll's ...
Registered in 0.001383 seconds.
Begin MonoManager ReloadAssembly
Native extension for WindowsStandalone target not found
Refreshing native plugins compatible for Editor in 0.39 ms, found 1 plugins.
Preloading 0 native plugins for Editor in 0.00 ms.
Mono: successfully reloaded assembly
- Completed reload, in  0.953 seconds
Platform modules already initialized, skipping
Refreshing native plugins compatible for Editor in 0.35 ms, found 1 plugins.
Preloading 0 native plugins for Editor in 0.00 ms.
Unloading 1801 Unused Serialized files (Serialized files now loaded: 0)
System memory in use before: 89.2 MB.
System memory in use after: 89.3 MB.

Unloading 7 unused Assets to reduce memory usage. Loaded Objects now: 2262.
Total: 3.161600 ms (FindLiveObjects: 0.277600 ms CreateObjectMapping: 0.141900 ms MarkObjects: 2.710400 ms  DeleteObjects: 0.017400 ms)

AssetImportWorkerClient::OnTransportError - code=2 error=End of file
